{"/home/carlos/carlos/projetos/warren-front/src/components/button/Button.tsx": {"path":"/home/carlos/carlos/projetos/warren-front/src/components/button/Button.tsx","statementMap":{"0":{"start":{"line":1,"column":0},"end":{"line":1,"column":34}},"1":{"start":{"line":3,"column":26},"end":{"line":5,"column":1}},"2":{"start":{"line":3,"column":37},"end":{"line":3,"column":39}},"3":{"start":{"line":4,"column":2},"end":{"line":4,"column":77}},"4":{"start":{"line":3,"column":13},"end":{"line":3,"column":26}}},"fnMap":{"0":{"name":"(anonymous_1)","decl":{"start":{"line":3,"column":26},"end":{"line":3,"column":27}},"loc":{"start":{"line":3,"column":39},"end":{"line":5,"column":1}}}},"branchMap":{},"s":{"0":1,"1":1,"2":1,"3":1,"4":1},"f":{"0":1},"b":{}}
}
